# JRE version: OpenJDK Runtime Environment Temurin-20.0.2+9 (20.0.2+9) (build 20.0.2+9)
# Java VM: OpenJDK 64-Bit Server VM Temurin-20.0.2+9 (20.0.2+9, mixed mode, tiered, compressed oops, compressed class ptrs, g1 gc, windows-amd64)
GC Precious Log:
 CardTable entry size: 512
 Card Set container configuration: InlinePtr #cards 4 size 8 Array Of Cards #cards 16 size 48 Howl #buckets 8 coarsen threshold 3686 Howl Bitmap #cards 512 size 80 coarsen threshold 460 Card regions per heap region 1 cards per card region 4096
 CPUs: 12 total, 12 available
 Memory: 15733M
 Large Page Support: Disabled
 NUMA Support: Disabled
 Compressed Oops: Enabled (Zero based)
 Heap Region Size: 2M
 Heap Min Capacity: 8M
 Heap Initial Capacity: 246M
 Heap Max Capacity: 3934M
 Pre-touch: Disabled
 Parallel Workers: 10
 Concurrent Workers: 3
 Concurrent Refinement Workers: 10
 Periodic GC: Disabled
Heap:
 garbage-first heap   total 419840K, used 44512K [0x000000070a200000, 0x0000000800000000)
  region size 2048K, 2 young (4096K), 2 survivors (4096K)
 Metaspace       used 14707K, committed 14912K, reserved 1114112K
  class space    used 1428K, committed 1536K, reserved 1048576K
GC Heap History (20 events):
Event: 0.625 GC heap after
{Heap after GC invocations=1 (full 0):
 garbage-first heap   total 251904K, used 65589K [0x000000070a200000, 0x0000000800000000)
  region size 2048K, 2 young (4096K), 2 survivors (4096K)
 Metaspace       used 14666K, committed 14912K, reserved 1114112K
  class space    used 1423K, committed 1536K, reserved 1048576K
}
Event: 0.782 GC heap before
{Heap before GC invocations=1 (full 0):
 garbage-first heap   total 251904K, used 104501K [0x000000070a200000, 0x0000000800000000)
  region size 2048K, 22 young (45056K), 2 survivors (4096K)
 Metaspace       used 14676K, committed 14912K, reserved 1114112K
  class space    used 1423K, committed 1536K, reserved 1048576K
}
Event: 0.785 GC heap after
{Heap after GC invocations=2 (full 0):
 garbage-first heap   total 251904K, used 65515K [0x000000070a200000, 0x0000000800000000)
  region size 2048K, 1 young (2048K), 1 survivors (2048K)
 Metaspace       used 14676K, committed 14912K, reserved 1114112K
  class space    used 1423K, committed 1536K, reserved 1048576K
}
Event: 0.798 GC heap before
{Heap before GC invocations=2 (full 0):
 garbage-first heap   total 251904K, used 67563K [0x000000070a200000, 0x0000000800000000)
  region size 2048K, 3 young (6144K), 1 survivors (2048K)
 Metaspace       used 14676K, committed 14912K, reserved 1114112K
  class space    used 1423K, committed 1536K, reserved 1048576K
}
Event: 0.801 GC heap after
{Heap after GC invocations=3 (full 0):
 garbage-first heap   total 251904K, used 65518K [0x000000070a200000, 0x0000000800000000)
  region size 2048K, 1 young (2048K), 1 survivors (2048K)
 Metaspace       used 14676K, committed 14912K, reserved 1114112K
  class space    used 1423K, committed 1536K, reserved 1048576K
}
Event: 0.817 GC heap before
{Heap before GC invocations=3 (full 0):
 garbage-first heap   total 251904K, used 122862K [0x000000070a200000, 0x0000000800000000)
  region size 2048K, 2 young (4096K), 1 survivors (2048K)
 Metaspace       used 14676K, committed 14912K, reserved 1114112K
  class space    used 1423K, committed 1536K, reserved 1048576K
}
Event: 0.819 GC heap after
{Heap after GC invocations=4 (full 0):
 garbage-first heap   total 251904K, used 122838K [0x000000070a200000, 0x0000000800000000)
  region size 2048K, 1 young (2048K), 1 survivors (2048K)
 Metaspace       used 14676K, committed 14912K, reserved 1114112K
  class space    used 1423K, committed 1536K, reserved 1048576K
}
Event: 1.181 GC heap before
{Heap before GC invocations=5 (full 0):
 garbage-first heap   total 301056K, used 180182K [0x000000070a200000, 0x0000000800000000)
  region size 2048K, 2 young (4096K), 1 survivors (2048K)
 Metaspace       used 14684K, committed 14912K, reserved 1114112K
  class space    used 1424K, committed 1536K, reserved 1048576K
}
Event: 1.184 GC heap after
{Heap after GC invocations=6 (full 0):
 garbage-first heap   total 301056K, used 65410K [0x000000070a200000, 0x0000000800000000)
  region size 2048K, 1 young (2048K), 1 survivors (2048K)
 Metaspace       used 14684K, committed 14912K, reserved 1114112K
  class space    used 1424K, committed 1536K, reserved 1048576K
}
Event: 1.320 GC heap before
{Heap before GC invocations=6 (full 0):
 garbage-first heap   total 301056K, used 184194K [0x000000070a200000, 0x0000000800000000)
  region size 2048K, 25 young (51200K), 1 survivors (2048K)
 Metaspace       used 14707K, committed 14912K, reserved 1114112K
  class space    used 1428K, committed 1536K, reserved 1048576K
}
Event: 1.322 GC heap after
{Heap after GC invocations=7 (full 0):
 garbage-first heap   total 301056K, used 23251K [0x000000070a200000, 0x0000000800000000)
  region size 2048K, 2 young (4096K), 2 survivors (4096K)
 Metaspace       used 14707K, committed 14912K, reserved 1114112K
  class space    used 1428K, committed 1536K, reserved 1048576K
}
Event: 1.606 GC heap before
{Heap before GC invocations=7 (full 0):
 garbage-first heap   total 301056K, used 174803K [0x000000070a200000, 0x0000000800000000)
  region size 2048K, 40 young (81920K), 2 survivors (4096K)
 Metaspace       used 14707K, committed 14912K, reserved 1114112K
  class space    used 1428K, committed 1536K, reserved 1048576K
}
Event: 1.608 GC heap after
{Heap after GC invocations=8 (full 0):
 garbage-first heap   total 301056K, used 99035K [0x000000070a200000, 0x0000000800000000)
  region size 2048K, 2 young (4096K), 2 survivors (4096K)
 Metaspace       used 14707K, committed 14912K, reserved 1114112K
  class space    used 1428K, committed 1536K, reserved 1048576K
}
Event: 1.614 GC heap before
{Heap before GC invocations=8 (full 0):
 garbage-first heap   total 301056K, used 174811K [0x000000070a200000, 0x0000000800000000)
  region size 2048K, 3 young (6144K), 2 survivors (4096K)
 Metaspace       used 14707K, committed 14912K, reserved 1114112K
  class space    used 1428K, committed 1536K, reserved 1048576K
}
Event: 1.616 GC heap after
{Heap after GC invocations=9 (full 0):
 garbage-first heap   total 301056K, used 174817K [0x000000070a200000, 0x0000000800000000)
  region size 2048K, 2 young (4096K), 2 survivors (4096K)
 Metaspace       used 14707K, committed 14912K, reserved 1114112K
  class space    used 1428K, committed 1536K, reserved 1048576K
}
Event: 2.061 GC heap before
{Heap before GC invocations=10 (full 0):
 garbage-first heap   total 419840K, used 250593K [0x000000070a200000, 0x0000000800000000)
  region size 2048K, 3 young (6144K), 2 survivors (4096K)
 Metaspace       used 14707K, committed 14912K, reserved 1114112K
  class space    used 1428K, committed 1536K, reserved 1048576K
}
Event: 2.064 GC heap after
{Heap after GC invocations=11 (full 0):
 garbage-first heap   total 419840K, used 99052K [0x000000070a200000, 0x0000000800000000)
  region size 2048K, 2 young (4096K), 2 survivors (4096K)
 Metaspace       used 14707K, committed 14912K, reserved 1114112K
  class space    used 1428K, committed 1536K, reserved 1048576K
}
Event: 2.091 GC heap before
{Heap before GC invocations=11 (full 0):
 garbage-first heap   total 419840K, used 119532K [0x000000070a200000, 0x0000000800000000)
  region size 2048K, 3 young (6144K), 2 survivors (4096K)
 Metaspace       used 14707K, committed 14912K, reserved 1114112K
  class space    used 1428K, committed 1536K, reserved 1048576K
}
Event: 2.093 GC heap after
{Heap after GC invocations=12 (full 0):
 garbage-first heap   total 419840K, used 119530K [0x000000070a200000, 0x0000000800000000)
  region size 2048K, 2 young (4096K), 2 survivors (4096K)
 Metaspace       used 14707K, committed 14912K, reserved 1114112K
  class space    used 1428K, committed 1536K, reserved 1048576K
}
Event: 2.146 GC heap before
{Heap before GC invocations=12 (full 0):
 garbage-first heap   total 419840K, used 195306K [0x000000070a200000, 0x0000000800000000)
  region size 2048K, 3 young (6144K), 2 survivors (4096K)
 Metaspace       used 14707K, committed 14912K, reserved 1114112K
  class space    used 1428K, committed 1536K, reserved 1048576K
}

